<?xml version="1.0" encoding="UTF-8"?>
<!-- Generated by org.testng.reporters.JUnitReportReporter -->
<testsuite hostname="priyanka" failures="0" tests="1" name="testscript.Login_script" time="85.521" errors="0" timestamp="2023-04-26T23:40:17 IST" skipped="0">
  <testcase classname="testscript.Login_script" name="test1" time="85.521"/>
  <system-out/>
</testsuite> <!-- testscript.Login_script -->
